                      :-) GROMACS - gmx mdrun, 2025.4 (-:

Copyright 1991-2025 The GROMACS Authors.
GROMACS is free software; you can redistribute it and/or modify it
under the terms of the GNU Lesser General Public License
as published by the Free Software Foundation; either version 2.1
of the License, or (at your option) any later version.

                         Current GROMACS contributors:
       Mark Abraham           Andrey Alekseenko           Brian Andrews       
      Vladimir Basov              Paul Bauer                Hugh Bird         
      Eliane Briand               Ania Brown              Mahesh Doijade      
      Giacomo Fiorin          Stefan Fleischmann          Sergey Gorelov      
   Gilles Gouaillardet            Alan Gray              M. Eric Irrgang      
   Farzaneh Jalalypour         Petter Johansson          Carsten Kutzner      
    Grzegorz Łazarski         Justin A. Lemkul          Magnus Lundborg      
       Pascal Merz             Vedran Miletić            Dmitry Morozov      
     Lukas Müllender            Julien Nabet             Szilárd Páll      
 Andrea Pasquadibisceglie     Michele Pellegrino         Nicola Piasentin     
     Daniele Rapetti         Muhammad Umair Sadiq         Hubert Santuz       
      Roland Schulz             Michael Shirts           Tatiana Shugaeva     
     Alexey Shvetsov            Philip Turner            Alessandra Villa     
 Sebastian Wingbermühle  

                         Previous GROMACS contributors:
        Emile Apol             Rossen Apostolov           James Barnett       
  Herman J.C. Berendsen         Cathrine Bergh             Par Bjelkmar       
      Christian Blau          Viacheslav Bolnykh            Kevin Boyd        
    Aldert van Buuren          Carlo Camilloni           Rudi van Drunen      
      Anton Feenstra           Oliver Fleetwood            Vytas Gapsys       
       Gaurav Garg             Gerrit Groenhof            Bert de Groot       
      Anca Hamuraru           Vincent Hindriksen          Victor Holanda      
     Aleksei Iupinov              Joe Jordan            Christoph Junghans    
    Prashanth Kanduri        Dimitrios Karkoulis           Peter Kasson       
      Sebastian Kehl           Sebastian Keller             Jiri Kraus        
       Per Larsson              Viveca Lindahl            Erik Marklund       
    Pieter Meulenhoff           Teemu Murtola              Sander Pronk       
      Alfons Sijbers            Balint Soproni         David van der Spoel    
      Peter Tieleman            Carsten Uphoff             Jon Vincent        
     Teemu Virolainen         Christian Wennberg           Maarten Wolf       
      Artem Zhmurov       

                  Coordinated by the GROMACS project leaders:
                           Berk Hess and Erik Lindahl

GROMACS:      gmx mdrun, version 2025.4
Executable:   /usr/local/gromacs/bin/gmx
Data prefix:  /usr/local/gromacs
Working dir:  /mnt/c/Rayca/rayca_kras_assessment/04_gromacs_apo_md
Process ID:   4056
Command line:
  gmx mdrun -v -deffnm em_apo

GROMACS version:     2025.4
Precision:           mixed
Memory model:        64 bit
MPI library:         thread_mpi
OpenMP support:      enabled (GMX_OPENMP_MAX_THREADS = 128)
GPU support:         CUDA
NBNxM GPU setup:     super-cluster 2x2x2 / cluster 8 (cluster-pair splitting on)
SIMD instructions:   AVX2_256
CPU FFT library:     fftw-3.3.10-sse2-avx-avx2-avx2_128
GPU FFT library:     cuFFT
Multi-GPU FFT:       none
RDTSCP usage:        enabled
TNG support:         enabled
Hwloc support:       disabled
Tracing support:     disabled
C compiler:          /usr/bin/cc GNU 13.3.0
C compiler flags:    -fexcess-precision=fast -funroll-all-loops -mavx2 -mfma -Wno-missing-field-initializers -O3 -DNDEBUG
C++ compiler:        /usr/bin/c++ GNU 13.3.0
C++ compiler flags:  -fexcess-precision=fast -funroll-all-loops -mavx2 -mfma -Wno-missing-field-initializers -Wno-cast-function-type-strict SHELL:-fopenmp -O3 -DNDEBUG
BLAS library:        Internal
LAPACK library:      Internal
CUDA compiler:       /usr/local/cuda-12.4/bin/nvcc nvcc: NVIDIA (R) Cuda compiler driver;Copyright (c) 2005-2024 NVIDIA Corporation;Built on Tue_Feb_27_16:19:38_PST_2024;Cuda compilation tools, release 12.4, V12.4.99;Build cuda_12.4.r12.4/compiler.33961263_0
CUDA compiler flags: -O3 -DNDEBUG
CUDA driver:         13.10
CUDA runtime:        12.40


Running on 1 node with total 8 cores, 16 processing units, 1 compatible GPU
Hardware detected on host Abdulwahab:
  CPU info:
    Vendor: Intel
    Brand:  Intel(R) Core(TM) i7-10870H CPU @ 2.20GHz
    Family: 6   Model: 165   Stepping: 2
    Features: aes apic avx avx2 clfsh cmov cx8 cx16 f16c fma htt intel lahf mmx msr pcid pclmuldq pdcm pdpe1gb popcnt pse rdrnd rdtscp sse2 sse3 sse4.1 sse4.2 ssse3 x2apic
  Hardware topology: Basic
    Packages, cores, and logical processors:
    [indices refer to OS logical processors]
      Package  0: [   0   1] [   2   3] [   4   5] [   6   7] [   8   9] [  10  11] [  12  13] [  14  15]
    CPU limit set by OS: -1   Recommended max number of threads: 16
  GPU info:
    Number of GPUs detected: 1
    #0: NVIDIA NVIDIA GeForce RTX 3070 Laptop GPU, compute cap.: 8.6, ECC:  no, stat: compatible


++++ PLEASE READ AND CITE THE FOLLOWING REFERENCE ++++
M. J. Abraham, T. Murtola, R. Schulz, S. Páll, J. C. Smith, B. Hess, E.
Lindahl
GROMACS: High performance molecular simulations through multi-level
parallelism from laptops to supercomputers
SoftwareX (2015)
DOI: 10.1016/j.softx.2015.06.001
-------- -------- --- Thank You --- -------- --------


++++ PLEASE READ AND CITE THE FOLLOWING REFERENCE ++++
S. Páll, M. J. Abraham, C. Kutzner, B. Hess, E. Lindahl
Tackling Exascale Software Challenges in Molecular Dynamics Simulations with
GROMACS
In S. Markidis & E. Laure (Eds.), Solving Software Challenges for Exascale (2015)
DOI: 10.1007/978-3-319-15976-8_1
-------- -------- --- Thank You --- -------- --------


++++ PLEASE READ AND CITE THE FOLLOWING REFERENCE ++++
S. Pronk, S. Páll, R. Schulz, P. Larsson, P. Bjelkmar, R. Apostolov, M. R.
Shirts, J. C. Smith, P. M. Kasson, D. van der Spoel, B. Hess, E. Lindahl
GROMACS 4.5: a high-throughput and highly parallel open source molecular
simulation toolkit
Bioinformatics (2013)
DOI: 10.1093/bioinformatics/btt055
-------- -------- --- Thank You --- -------- --------


++++ PLEASE READ AND CITE THE FOLLOWING REFERENCE ++++
B. Hess, C. Kutzner, D. van der Spoel, E. Lindahl
GROMACS 4: Algorithms for highly efficient, load-balanced, and scalable
molecular simulation
J. Chem. Theory Comput. (2008)
DOI: 10.1021/ct700301q
-------- -------- --- Thank You --- -------- --------


++++ PLEASE READ AND CITE THE FOLLOWING REFERENCE ++++
D. van der Spoel, E. Lindahl, B. Hess, G. Groenhof, A. E. Mark, H. J. C.
Berendsen
GROMACS: Fast, Flexible and Free
J. Comp. Chem. (2005)
DOI: 10.1002/jcc.20291
-------- -------- --- Thank You --- -------- --------


++++ PLEASE READ AND CITE THE FOLLOWING REFERENCE ++++
E. Lindahl, B. Hess, D. van der Spoel
GROMACS 3.0: A package for molecular simulation and trajectory analysis
J. Mol. Mod. (2001)
DOI: 10.1007/s008940100045
-------- -------- --- Thank You --- -------- --------


++++ PLEASE READ AND CITE THE FOLLOWING REFERENCE ++++
H. J. C. Berendsen, D. van der Spoel and R. van Drunen
GROMACS: A message-passing parallel molecular dynamics implementation
Comp. Phys. Comm. (1995)
DOI: 10.1016/0010-4655(95)00042-E
-------- -------- --- Thank You --- -------- --------


++++ PLEASE CITE THE DOI FOR THIS VERSION OF GROMACS ++++
https://doi.org/10.5281/zenodo.17671793
-------- -------- --- Thank You --- -------- --------

Input Parameters:
   integrator                     = steep
   tinit                          = 0
   dt                             = 0.001
   nsteps                         = 50000
   init-step                      = 0
   simulation-part                = 1
   mts                            = false
   mass-repartition-factor        = 1
   comm-mode                      = Linear
   nstcomm                        = 100
   bd-fric                        = 0
   ld-seed                        = -1610744915
   emtol                          = 1000
   emstep                         = 0.01
   niter                          = 20
   fcstep                         = 0
   nstcgsteep                     = 1000
   nbfgscorr                      = 10
   rtpi                           = 0.05
   nstxout                        = 0
   nstvout                        = 0
   nstfout                        = 0
   nstlog                         = 1000
   nstcalcenergy                  = 100
   nstenergy                      = 1000
   nstxout-compressed             = 0
   compressed-x-precision         = 1000
   cutoff-scheme                  = Verlet
   nstlist                        = 1
   pbc                            = xyz
   periodic-molecules             = false
   verlet-buffer-tolerance        = 0.005
   verlet-buffer-pressure-tolerance = 0.5
   rlist                          = 1.2
   coulombtype                    = PME
   coulomb-modifier               = Potential-shift
   rcoulomb-switch                = 0
   rcoulomb                       = 1.2
   epsilon-r                      = 1
   epsilon-rf                     = inf
   vdw-type                       = Cut-off
   vdw-modifier                   = Force-switch
   rvdw-switch                    = 1
   rvdw                           = 1.2
   DispCorr                       = No
   table-extension                = 1
   fourierspacing                 = 0.12
   fourier-nx                     = 60
   fourier-ny                     = 60
   fourier-nz                     = 60
   pme-order                      = 4
   ewald-rtol                     = 1e-05
   ewald-rtol-lj                  = 0.001
   lj-pme-comb-rule               = Geometric
   ewald-geometry                 = 3d
   epsilon-surface                = 0
   ensemble-temperature-setting   = not available
   tcoupl                         = No
   nsttcouple                     = -1
   nh-chain-length                = 0
   print-nose-hoover-chain-variables = false
   pcoupl                         = No
   refcoord-scaling               = No
   posres-com: not available
   posres-comB: not available
   QMMM                           = false
qm-opts:
   ngQM                           = 0
   constraint-algorithm           = Lincs
   continuation                   = false
   Shake-SOR                      = false
   shake-tol                      = 0.0001
   lincs-order                    = 4
   lincs-iter                     = 1
   lincs-warnangle                = 30
   nwall                          = 0
   wall-type                      = 9-3
   wall-r-linpot                  = -1
   wall-atomtype[0]               = -1
   wall-atomtype[1]               = -1
   wall-density[0]                = 0
   wall-density[1]                = 0
   wall-ewald-zfac                = 3
   pull                           = false
   awh                            = false
   rotation                       = false
   interactiveMD                  = false
   disre                          = No
   disre-weighting                = Conservative
   disre-mixed                    = false
   dr-fc                          = 1000
   dr-tau                         = 0
   nstdisreout                    = 100
   orire-fc                       = 0
   orire-tau                      = 0
   nstorireout                    = 100
   free-energy                    = no
   cos-acceleration               = 0
   deform (3x3):
      deform[    0]={ 0.00000e+00,  0.00000e+00,  0.00000e+00}
      deform[    1]={ 0.00000e+00,  0.00000e+00,  0.00000e+00}
      deform[    2]={ 0.00000e+00,  0.00000e+00,  0.00000e+00}
   simulated-tempering            = false
   swapcoords                     = no
   userint1                       = 0
   userint2                       = 0
   userint3                       = 0
   userint4                       = 0
   userreal1                      = 0
   userreal2                      = 0
   userreal3                      = 0
   userreal4                      = 0
   applied-forces:
     electric-field:
       x:
         E0                       = 0
         omega                    = 0
         t0                       = 0
         sigma                    = 0
       y:
         E0                       = 0
         omega                    = 0
         t0                       = 0
         sigma                    = 0
       z:
         E0                       = 0
         omega                    = 0
         t0                       = 0
         sigma                    = 0
     density-guided-simulation:
       active                     = false
       group                      = protein
       similarity-measure         = inner-product
       atom-spreading-weight      = unity
       force-constant             = 1e+09
       gaussian-transform-spreading-width = 0.2
       gaussian-transform-spreading-range-in-multiples-of-width = 4
       reference-density-filename = reference.mrc
       nst                        = 1
       normalize-densities        = true
       adaptive-force-scaling     = false
       adaptive-force-scaling-time-constant = 4
       shift-vector               = 
       transformation-matrix      = 
     qmmm-cp2k:
       active                     = false
       qmgroup                    = System
       qmmethod                   = PBE
       qmfilenames                = 
       qmcharge                   = 0
       qmmultiplicity             = 1
     colvars:
       active                     = false
       configfile                 = 
       seed                       = -1
     nnpot:
       active                     = false
       modelfile                  = model.pt
       input-group                = System
       model-input1               = 
       model-input2               = 
       model-input3               = 
       model-input4               = 
grpopts:
   nrdf:       45258
   ref-t:           0
   tau-t:           0
annealing:          No
annealing-npoints:           0
   acc:	           0           0           0
   nfreeze:           N           N           N
   energygrp-flags[  0]: 0

When checking whether update groups are usable:
  Domain decomposition is not active, so there is no need for update groups

Update task can not run on the GPU, because the following condition(s) were not satisfied:
  Only the md integrator is supported.

Local state does not use filler particles

1 GPU selected for this run.
Mapping of GPU IDs to the 1 GPU task in the 1 rank on this node:
  PP:0
PP tasks will do (non-perturbed) short-ranged interactions on the GPU
PP task will update and constrain coordinates on the CPU
Using 1 MPI thread
Using 16 OpenMP threads 

System total charge: 0.000
Will do PME sum in reciprocal space for electrostatic interactions.

++++ PLEASE READ AND CITE THE FOLLOWING REFERENCE ++++
U. Essmann, L. Perera, M. L. Berkowitz, T. Darden, H. Lee, L. G. Pedersen 
A smooth particle mesh Ewald method
J. Chem. Phys. (1995)
DOI: 10.1063/1.470117
-------- -------- --- Thank You --- -------- --------

Using a Gaussian width (1/beta) of 0.384195 nm for Ewald
Potential shift: LJ r^-12: -2.648e-01 r^-6: -5.349e-01, Ewald -8.333e-06
Initialized non-bonded Coulomb Ewald tables, spacing: 1.02e-03 size: 1176

Generated table with 1100 data points for 1-4 COUL.
Tabscale = 500 points/nm
Generated table with 1100 data points for 1-4 LJ6.
Tabscale = 500 points/nm
Generated table with 1100 data points for 1-4 LJ12.
Tabscale = 500 points/nm


Using GPU 8x4 nonbonded short-range kernels

NBNxM GPU setup: super-cluster 2x2x2

Using a 8x8 pair-list setup:
  updated every 1 steps, buffer 0.000 nm, rlist 1.200 nm
Removing pbc first time

Pinning threads with an auto-selected logical cpu stride of 1

++++ PLEASE READ AND CITE THE FOLLOWING REFERENCE ++++
S. Miyamoto, P. A. Kollman
SETTLE: An Analytical Version of the SHAKE and RATTLE Algorithms for Rigid
Water Models
J. Comp. Chem. (1992)
DOI: 10.1002/jcc.540130805
-------- -------- --- Thank You --- -------- --------


Note that activating steepest-descent energy minimization via the integrator .mdp option and the command gmx mdrun may be available in a different form in a future version of GROMACS, e.g. gmx minimize and an .mdp option.
Initiating Steepest Descents
Started Steepest Descents on rank 0 Thu Mar  5 07:45:42 2026


Steepest Descents:
   Tolerance (Fmax)   =  1.00000e+03
   Number of steps    =        50000
           Step           Time
              0        0.00000

   Energies (kJ/mol)
           Bond            U-B    Proper Dih.  Improper Dih.      CMAP Dih.
    1.62611e+04    3.58652e+03    6.56888e+03    2.85523e+01   -2.83453e+02
          LJ-14     Coulomb-14        LJ (SR)   Coulomb (SR)   Coul. recip.
    3.32162e+03    2.74365e+04    2.06381e+06   -3.24460e+05    1.61642e+04
      Potential Pressure (bar)
    1.81243e+06    6.46012e+05

           Step           Time
              1        1.00000

   Energies (kJ/mol)
           Bond            U-B    Proper Dih.  Improper Dih.      CMAP Dih.
    1.62753e+04    3.60180e+03    6.56898e+03    2.91306e+01   -2.83453e+02
          LJ-14     Coulomb-14        LJ (SR)   Coulomb (SR)   Coul. recip.
    3.32158e+03    2.74311e+04    3.33148e+05   -3.24450e+05    1.61627e+04
      Potential Pressure (bar)
    8.18044e+04    1.14945e+05

           Step           Time
              2        2.00000

   Energies (kJ/mol)
           Bond            U-B    Proper Dih.  Improper Dih.      CMAP Dih.
    1.62915e+04    3.63215e+03    6.56932e+03    3.08023e+01   -2.83469e+02
          LJ-14     Coulomb-14        LJ (SR)   Coulomb (SR)   Coul. recip.
    3.32149e+03    2.74240e+04    2.05395e+05   -3.24453e+05    1.61607e+04
      Potential Pressure (bar)
   -4.59115e+04    7.56183e+04

           Step           Time
              3        3.00000

   Energies (kJ/mol)
           Bond            U-B    Proper Dih.  Improper Dih.      CMAP Dih.
    1.61888e+04    3.67613e+03    6.56994e+03    3.42753e+01   -2.83690e+02
          LJ-14     Coulomb-14        LJ (SR)   Coulomb (SR)   Coul. recip.
    3.32078e+03    2.74117e+04    1.76574e+05   -3.24551e+05    1.61553e+04
      Potential Pressure (bar)
   -7.49043e+04    6.57118e+04

           Step           Time
              4        4.00000

   Energies (kJ/mol)
           Bond            U-B    Proper Dih.  Improper Dih.      CMAP Dih.
    1.56224e+04    3.70572e+03    6.57352e+03    3.69519e+01   -2.84618e+02
          LJ-14     Coulomb-14        LJ (SR)   Coulomb (SR)   Coul. recip.
    3.31800e+03    2.73913e+04    1.44658e+05   -3.24903e+05    1.61289e+04
      Potential Pressure (bar)
   -1.07753e+05    5.38679e+04

           Step           Time
              5        5.00000

   Energies (kJ/mol)
           Bond            U-B    Proper Dih.  Improper Dih.      CMAP Dih.
    1.32949e+04    3.86267e+03    6.60555e+03    5.19416e+01   -2.88038e+02
          LJ-14     Coulomb-14        LJ (SR)   Coulomb (SR)   Coul. recip.
    3.30545e+03    2.73263e+04    9.84987e+04   -3.26013e+05    1.59844e+04
      Potential Pressure (bar)
   -1.57371e+05    3.67957e+04

           Step           Time
              6        6.00000

   Energies (kJ/mol)
           Bond            U-B    Proper Dih.  Improper Dih.      CMAP Dih.
    5.89507e+03    4.69477e+03    6.70124e+03    1.31163e+02   -3.03534e+02
          LJ-14     Coulomb-14        LJ (SR)   Coulomb (SR)   Coul. recip.
    3.24394e+03    2.71622e+04    6.23664e+04   -3.28985e+05    1.52650e+04
      Potential Pressure (bar)
   -2.03829e+05    2.20151e+04

           Step           Time
              7        7.00000

   Energies (kJ/mol)
           Bond            U-B    Proper Dih.  Improper Dih.      CMAP Dih.
    2.69324e+03    3.69866e+03    6.72594e+03    1.84625e+02   -3.25244e+02
          LJ-14     Coulomb-14        LJ (SR)   Coulomb (SR)   Coul. recip.
    2.99668e+03    2.71351e+04    4.97615e+04   -3.33682e+05    1.35479e+04
      Potential Pressure (bar)
   -2.27264e+05    1.23790e+04

           Step           Time
              8        8.00000

   Energies (kJ/mol)
           Bond            U-B    Proper Dih.  Improper Dih.      CMAP Dih.
    2.62326e+03    3.24585e+03    6.73256e+03    1.62431e+02   -3.31206e+02
          LJ-14     Coulomb-14        LJ (SR)   Coulomb (SR)   Coul. recip.
    2.89479e+03    2.70041e+04    4.65616e+04   -3.35427e+05    1.29040e+04
      Potential Pressure (bar)
   -2.33629e+05    1.11502e+04

           Step           Time
              9        9.00000

   Energies (kJ/mol)
           Bond            U-B    Proper Dih.  Improper Dih.      CMAP Dih.
    6.25121e+03    3.73354e+03    6.69483e+03    2.03406e+02   -3.22984e+02
          LJ-14     Coulomb-14        LJ (SR)   Coulomb (SR)   Coul. recip.
    2.87045e+03    2.71559e+04    4.45661e+04   -3.37667e+05    1.20255e+04
      Potential Pressure (bar)
   -2.34489e+05    8.89871e+03

           Step           Time
             10       10.00000

   Energies (kJ/mol)
           Bond            U-B    Proper Dih.  Improper Dih.      CMAP Dih.
    3.48488e+03    3.05568e+03    6.72361e+03    1.49190e+02   -3.34249e+02
          LJ-14     Coulomb-14        LJ (SR)   Coulomb (SR)   Coul. recip.
    2.77447e+03    2.69706e+04    4.26818e+04   -3.38855e+05    1.15745e+04
      Potential Pressure (bar)
   -2.41775e+05    8.50789e+03

           Step           Time
             11       11.00000

           Step           Time
             12       12.00000

   Energies (kJ/mol)
           Bond            U-B    Proper Dih.  Improper Dih.      CMAP Dih.
    1.04627e+03    2.66734e+03    6.70489e+03    1.47793e+02   -3.31517e+02
          LJ-14     Coulomb-14        LJ (SR)   Coulomb (SR)   Coul. recip.
    2.77221e+03    2.70308e+04    4.20281e+04   -3.39610e+05    1.12919e+04
      Potential Pressure (bar)
   -2.46252e+05    8.00113e+03

           Step           Time
             13       13.00000

   Energies (kJ/mol)
           Bond            U-B    Proper Dih.  Improper Dih.      CMAP Dih.
    4.00389e+03    2.98724e+03    6.70210e+03    1.46323e+02   -3.37427e+02
          LJ-14     Coulomb-14        LJ (SR)   Coulomb (SR)   Coul. recip.
    2.69215e+03    2.69357e+04    4.01243e+04   -3.41662e+05    1.05038e+04
      Potential Pressure (bar)
   -2.47904e+05    6.83547e+03

           Step           Time
             14       14.00000

   Energies (kJ/mol)
           Bond            U-B    Proper Dih.  Improper Dih.      CMAP Dih.
    1.64771e+03    2.64981e+03    6.69253e+03    1.63699e+02   -3.33054e+02
          LJ-14     Coulomb-14        LJ (SR)   Coulomb (SR)   Coul. recip.
    2.71156e+03    2.70052e+04    3.95621e+04   -3.42399e+05    1.02552e+04
      Potential Pressure (bar)
   -2.52044e+05    6.36638e+03

           Step           Time
             15       15.00000

           Step           Time
             16       16.00000

   Energies (kJ/mol)
           Bond            U-B    Proper Dih.  Improper Dih.      CMAP Dih.
    1.02499e+03    2.46070e+03    6.69311e+03    1.45051e+02   -3.38565e+02
          LJ-14     Coulomb-14        LJ (SR)   Coulomb (SR)   Coul. recip.
    2.67112e+03    2.69533e+04    3.89573e+04   -3.43083e+05    9.99511e+03
      Potential Pressure (bar)
   -2.54521e+05    6.20862e+03

           Step           Time
             17       17.00000

   Energies (kJ/mol)
           Bond            U-B    Proper Dih.  Improper Dih.      CMAP Dih.
    2.38453e+03    2.72849e+03    6.68588e+03    1.65651e+02   -3.34693e+02
          LJ-14     Coulomb-14        LJ (SR)   Coulomb (SR)   Coul. recip.
    2.67456e+03    2.69885e+04    3.79123e+04   -3.44512e+05    9.50844e+03
      Potential Pressure (bar)
   -2.55798e+05    5.31149e+03

           Step           Time
             18       18.00000

   Energies (kJ/mol)
           Bond            U-B    Proper Dih.  Improper Dih.      CMAP Dih.
    1.56096e+03    2.47427e+03    6.68702e+03    1.43373e+02   -3.41457e+02
          LJ-14     Coulomb-14        LJ (SR)   Coulomb (SR)   Coul. recip.
    2.62591e+03    2.69201e+04    3.73918e+04   -3.45133e+05    9.27306e+03
      Potential Pressure (bar)
   -2.58398e+05    5.28415e+03

           Step           Time
             19       19.00000

           Step           Time
             20       20.00000

   Energies (kJ/mol)
           Bond            U-B    Proper Dih.  Improper Dih.      CMAP Dih.
    7.89786e+02    2.33552e+03    6.68358e+03    1.47408e+02   -3.40240e+02
          LJ-14     Coulomb-14        LJ (SR)   Coulomb (SR)   Coul. recip.
    2.63113e+03    2.69498e+04    3.70130e+04   -3.45693e+05    9.09812e+03
      Potential Pressure (bar)
   -2.60385e+05    4.98709e+03

           Step           Time
             21       21.00000

   Energies (kJ/mol)
           Bond            U-B    Proper Dih.  Improper Dih.      CMAP Dih.
    2.06386e+03    2.49726e+03    6.68166e+03    1.44238e+02   -3.43732e+02
          LJ-14     Coulomb-14        LJ (SR)   Coulomb (SR)   Coul. recip.
    2.58874e+03    2.68938e+04    3.61068e+04   -3.46965e+05    8.65933e+03
      Potential Pressure (bar)
   -2.61673e+05    4.52458e+03

           Step           Time
             22       22.00000

   Energies (kJ/mol)
           Bond            U-B    Proper Dih.  Improper Dih.      CMAP Dih.
    1.16748e+03    2.36149e+03    6.67828e+03    1.51961e+02   -3.41870e+02
          LJ-14     Coulomb-14        LJ (SR)   Coulomb (SR)   Coul. recip.
    2.60101e+03    2.69363e+04    3.57510e+04   -3.47538e+05    8.49741e+03
      Potential Pressure (bar)
   -2.63735e+05    4.20698e+03

           Step           Time
             23       23.00000

           Step           Time
             24       24.00000

   Energies (kJ/mol)
           Bond            U-B    Proper Dih.  Improper Dih.      CMAP Dih.
    7.51447e+02    2.25438e+03    6.67829e+03    1.44281e+02   -3.44900e+02
          LJ-14     Coulomb-14        LJ (SR)   Coulomb (SR)   Coul. recip.
    2.57724e+03    2.69033e+04    3.54337e+04   -3.47982e+05    8.34605e+03
      Potential Pressure (bar)
   -2.65238e+05    4.15162e+03

           Step           Time
             25       25.00000

   Energies (kJ/mol)
           Bond            U-B    Proper Dih.  Improper Dih.      CMAP Dih.
    1.52799e+03    2.39649e+03    6.67463e+03    1.53088e+02   -3.43754e+02
          LJ-14     Coulomb-14        LJ (SR)   Coulomb (SR)   Coul. recip.
    2.57619e+03    2.69234e+04    3.47554e+04   -3.49084e+05    8.02134e+03
      Potential Pressure (bar)
   -2.66400e+05    3.59487e+03

           Step           Time
             26       26.00000

   Energies (kJ/mol)
           Bond            U-B    Proper Dih.  Improper Dih.      CMAP Dih.
    9.81450e+02    2.25395e+03    6.67513e+03    1.42918e+02   -3.47183e+02
          LJ-14     Coulomb-14        LJ (SR)   Coulomb (SR)   Coul. recip.
    2.54738e+03    2.68811e+04    3.44604e+04   -3.49504e+05    7.88060e+03
      Potential Pressure (bar)
   -2.68028e+05    3.59653e+03

           Step           Time
             27       27.00000

   Energies (kJ/mol)
           Bond            U-B    Proper Dih.  Improper Dih.      CMAP Dih.
    2.19147e+03    2.52311e+03    6.67192e+03    1.54362e+02   -3.44772e+02
          LJ-14     Coulomb-14        LJ (SR)   Coulomb (SR)   Coul. recip.
    2.55881e+03    2.69144e+04    3.39616e+04   -3.50380e+05    7.64593e+03
      Potential Pressure (bar)
   -2.68103e+05    3.07490e+03

           Step           Time
             28       28.00000

   Energies (kJ/mol)
           Bond            U-B    Proper Dih.  Improper Dih.      CMAP Dih.
    1.52213e+03    2.31056e+03    6.67306e+03    1.41435e+02   -3.48790e+02
          LJ-14     Coulomb-14        LJ (SR)   Coulomb (SR)   Coul. recip.
    2.52251e+03    2.68591e+04    3.36832e+04   -3.50769e+05    7.51367e+03
      Potential Pressure (bar)
   -2.69892e+05    3.14398e+03

           Step           Time
             29       29.00000

           Step           Time
             30       30.00000

   Energies (kJ/mol)
           Bond            U-B    Proper Dih.  Improper Dih.      CMAP Dih.
    7.11728e+02    2.17636e+03    6.67131e+03    1.43350e+02   -3.48918e+02
          LJ-14     Coulomb-14        LJ (SR)   Coulomb (SR)   Coul. recip.
    2.52775e+03    2.68849e+04    3.34713e+04   -3.51149e+05    7.42084e+03
      Potential Pressure (bar)
   -2.71491e+05    2.96481e+03

           Step           Time
             31       31.00000

   Energies (kJ/mol)
           Bond            U-B    Proper Dih.  Improper Dih.      CMAP Dih.
    2.11493e+03    2.37375e+03    6.67070e+03    1.41949e+02   -3.50314e+02
          LJ-14     Coulomb-14        LJ (SR)   Coulomb (SR)   Coul. recip.
    2.49664e+03    2.68385e+04    3.28957e+04   -3.52103e+05    7.14449e+03
      Potential Pressure (bar)
   -2.71777e+05    2.66835e+03

           Step           Time
             32       32.00000

   Energies (kJ/mol)
           Bond            U-B    Proper Dih.  Improper Dih.      CMAP Dih.
    1.07268e+03    2.22501e+03    6.66867e+03    1.46308e+02   -3.50325e+02
          LJ-14     Coulomb-14        LJ (SR)   Coulomb (SR)   Coul. recip.
    2.50726e+03    2.68757e+04    3.26821e+04   -3.52511e+05    7.05601e+03
      Potential Pressure (bar)
   -2.73627e+05    2.45906e+03

           Step           Time
             33       33.00000

           Step           Time
             34       34.00000

   Energies (kJ/mol)
           Bond            U-B    Proper Dih.  Improper Dih.      CMAP Dih.
    7.56210e+02    2.14258e+03    6.66920e+03    1.40954e+02   -3.52087e+02
          LJ-14     Coulomb-14        LJ (SR)   Coulomb (SR)   Coul. recip.
    2.48874e+03    2.68476e+04    3.24779e+04   -3.52829e+05    6.96224e+03
      Potential Pressure (bar)
   -2.74696e+05    2.45076e+03

           Step           Time
             35       35.00000

   Energies (kJ/mol)
           Bond            U-B    Proper Dih.  Improper Dih.      CMAP Dih.
    1.43323e+03    2.28258e+03    6.66719e+03    1.46731e+02   -3.51691e+02
          LJ-14     Coulomb-14        LJ (SR)   Coulomb (SR)   Coul. recip.
    2.49207e+03    2.68677e+04    3.21053e+04   -3.53537e+05    6.79578e+03
      Potential Pressure (bar)
   -2.75098e+05    2.08319e+03

           Step           Time
             36       36.00000

   Energies (kJ/mol)
           Bond            U-B    Proper Dih.  Improper Dih.      CMAP Dih.
    1.04501e+03    2.17056e+03    6.66815e+03    1.39667e+02   -3.53490e+02
          LJ-14     Coulomb-14        LJ (SR)   Coulomb (SR)   Coul. recip.
    2.46872e+03    2.68304e+04    3.19056e+04   -3.53843e+05    6.70507e+03
      Potential Pressure (bar)
   -2.76263e+05    2.11758e+03

           Step           Time
             37       37.00000

           Step           Time
             38       38.00000

   Energies (kJ/mol)
           Bond            U-B    Proper Dih.  Improper Dih.      CMAP Dih.
    6.32969e+02    2.09829e+03    6.66703e+03    1.41251e+02   -3.54107e+02
          LJ-14     Coulomb-14        LJ (SR)   Coulomb (SR)   Coul. recip.
    2.47109e+03    2.68466e+04    3.17481e+04   -3.54151e+05    6.63870e+03
      Potential Pressure (bar)
   -2.77261e+05    1.97700e+03

           Step           Time
             39       39.00000

   Energies (kJ/mol)
           Bond            U-B    Proper Dih.  Improper Dih.      CMAP Dih.
    1.36184e+03    2.20246e+03    6.66707e+03    1.39244e+02   -3.54836e+02
          LJ-14     Coulomb-14        LJ (SR)   Coulomb (SR)   Coul. recip.
    2.44829e+03    2.68136e+04    3.13257e+04   -3.54900e+05    6.44812e+03
      Potential Pressure (bar)
   -2.77849e+05    1.76947e+03

           Step           Time
             40       40.00000

   Energies (kJ/mol)
           Bond            U-B    Proper Dih.  Improper Dih.      CMAP Dih.
    8.29692e+02    2.11949e+03    6.66572e+03    1.41825e+02   -3.55638e+02
          LJ-14     Coulomb-14        LJ (SR)   Coulomb (SR)   Coul. recip.
    2.45381e+03    2.68376e+04    3.11649e+04   -3.55234e+05    6.38290e+03
      Potential Pressure (bar)
   -2.78994e+05    1.60250e+03

           Step           Time
             41       41.00000

           Step           Time
             42       42.00000

   Energies (kJ/mol)
           Bond            U-B    Proper Dih.  Improper Dih.      CMAP Dih.
    6.48199e+02    2.07451e+03    6.66620e+03    1.38752e+02   -3.56412e+02
          LJ-14     Coulomb-14        LJ (SR)   Coulomb (SR)   Coul. recip.
    2.44089e+03    2.68176e+04    3.10108e+04   -3.55495e+05    6.31557e+03
      Potential Pressure (bar)
   -2.79739e+05    1.58625e+03

           Step           Time
             43       43.00000

   Energies (kJ/mol)
           Bond            U-B    Proper Dih.  Improper Dih.      CMAP Dih.
    1.03208e+03    2.14713e+03    6.66501e+03    1.41833e+02   -3.56938e+02
          LJ-14     Coulomb-14        LJ (SR)   Coulomb (SR)   Coul. recip.
    2.44025e+03    2.68295e+04    3.07190e+04   -3.56086e+05    6.19116e+03
      Potential Pressure (bar)
   -2.80277e+05    1.31227e+03

           Step           Time
             44       44.00000

   Energies (kJ/mol)
           Bond            U-B    Proper Dih.  Improper Dih.      CMAP Dih.
    8.08649e+02    2.08790e+03    6.66580e+03    1.37522e+02   -3.57592e+02
          LJ-14     Coulomb-14        LJ (SR)   Coulomb (SR)   Coul. recip.
    2.42412e+03    2.68028e+04    3.05651e+04   -3.56341e+05    6.12461e+03
      Potential Pressure (bar)
   -2.81082e+05    1.32488e+03

           Step           Time
             45       45.00000

   Energies (kJ/mol)
           Bond            U-B    Proper Dih.  Improper Dih.      CMAP Dih.
    1.41731e+03    2.22209e+03    6.66451e+03    1.42125e+02   -3.57828e+02
          LJ-14     Coulomb-14        LJ (SR)   Coulomb (SR)   Coul. recip.
    2.42964e+03    2.68231e+04    3.03296e+04   -3.56852e+05    6.02604e+03
      Potential Pressure (bar)
   -2.81156e+05    1.03771e+03

           Step           Time
             46       46.00000

   Energies (kJ/mol)
           Bond            U-B    Proper Dih.  Improper Dih.      CMAP Dih.
    1.17554e+03    2.13586e+03    6.66573e+03    1.36284e+02   -3.58281e+02
          LJ-14     Coulomb-14        LJ (SR)   Coulomb (SR)   Coul. recip.
    2.40900e+03    2.67871e+04    3.01775e+04   -3.57093e+05    5.96079e+03
      Potential Pressure (bar)
   -2.82004e+05    1.09030e+03

           Step           Time
             47       47.00000

           Step           Time
             48       48.00000

   Energies (kJ/mol)
           Bond            U-B    Proper Dih.  Improper Dih.      CMAP Dih.
    6.01531e+02    2.03901e+03    6.66492e+03    1.37529e+02   -3.59661e+02
          LJ-14     Coulomb-14        LJ (SR)   Coulomb (SR)   Coul. recip.
    2.41158e+03    2.68034e+04    3.00706e+04   -3.57331e+05    5.91850e+03
      Potential Pressure (bar)
   -2.83043e+05    9.85750e+02

           Step           Time
             49       49.00000

   Energies (kJ/mol)
           Bond            U-B    Proper Dih.  Improper Dih.      CMAP Dih.
    1.59093e+03    2.18821e+03    6.66559e+03    1.35854e+02   -3.59265e+02
          LJ-14     Coulomb-14        LJ (SR)   Coulomb (SR)   Coul. recip.
    2.39017e+03    2.67694e+04    2.96933e+04   -3.58057e+05    5.75698e+03
      Potential Pressure (bar)
   -2.83226e+05    7.85631e+02

           Step           Time
             50       50.00000

   Energies (kJ/mol)
           Bond            U-B    Proper Dih.  Improper Dih.      CMAP Dih.
    7.99865e+02    2.06523e+03    6.66454e+03    1.38108e+02   -3.61160e+02
          LJ-14     Coulomb-14        LJ (SR)   Coulomb (SR)   Coul. recip.
    2.39550e+03    2.67940e+04    2.95826e+04   -3.58324e+05    5.71468e+03
      Potential Pressure (bar)
   -2.84531e+05    6.56836e+02

           Step           Time
             51       51.00000

           Step           Time
             52       52.00000

   Energies (kJ/mol)
           Bond            U-B    Proper Dih.  Improper Dih.      CMAP Dih.
    7.03352e+02    2.03723e+03    6.66528e+03    1.35180e+02   -3.61280e+02
          LJ-14     Coulomb-14        LJ (SR)   Coulomb (SR)   Coul. recip.
    2.38388e+03    2.67737e+04    2.94557e+04   -3.58551e+05    5.66209e+03
      Potential Pressure (bar)
   -2.85096e+05    6.53268e+02

           Step           Time
             53       53.00000

   Energies (kJ/mol)
           Bond            U-B    Proper Dih.  Improper Dih.      CMAP Dih.
    1.02018e+03    2.10251e+03    6.66456e+03    1.38090e+02   -3.62146e+02
          LJ-14     Coulomb-14        LJ (SR)   Coulomb (SR)   Coul. recip.
    2.38566e+03    2.67877e+04    2.92768e+04   -3.58967e+05    5.58915e+03
      Potential Pressure (bar)
   -2.85364e+05    4.41524e+02

           Step           Time
             54       54.00000

   Energies (kJ/mol)
           Bond            U-B    Proper Dih.  Improper Dih.      CMAP Dih.
    9.28459e+02    2.06662e+03    6.66558e+03    1.34040e+02   -3.61860e+02
          LJ-14     Coulomb-14        LJ (SR)   Coulomb (SR)   Coul. recip.
    2.37112e+03    2.67603e+04    2.91506e+04   -3.59183e+05    5.53725e+03
      Potential Pressure (bar)
   -2.85931e+05    4.67625e+02

           Step           Time
             55       55.00000

           Step           Time
             56       56.00000

   Energies (kJ/mol)
           Bond            U-B    Proper Dih.  Improper Dih.      CMAP Dih.
    5.64039e+02    2.00205e+03    6.66508e+03    1.35175e+02   -3.63205e+02
          LJ-14     Coulomb-14        LJ (SR)   Coulomb (SR)   Coul. recip.
    2.37234e+03    2.67719e+04    2.90690e+04   -3.59379e+05    5.50515e+03
      Potential Pressure (bar)
   -2.86657e+05    3.81632e+02

           Step           Time
             57       57.00000

   Energies (kJ/mol)
           Bond            U-B    Proper Dih.  Improper Dih.      CMAP Dih.
    1.18400e+03    2.09759e+03    6.66607e+03    1.33179e+02   -3.62869e+02
          LJ-14     Coulomb-14        LJ (SR)   Coulomb (SR)   Coul. recip.
    2.35350e+03    2.67434e+04    2.87249e+04   -3.60087e+05    5.36306e+03
      Potential Pressure (bar)
   -2.87184e+05    1.98977e+02

           Step           Time
             58       58.00000

   Energies (kJ/mol)
           Bond            U-B    Proper Dih.  Improper Dih.      CMAP Dih.
    6.73762e+02    2.01168e+03    6.66540e+03    1.35024e+02   -3.64772e+02
          LJ-14     Coulomb-14        LJ (SR)   Coulomb (SR)   Coul. recip.
    2.35645e+03    2.67612e+04    2.86404e+04   -3.60309e+05    5.33037e+03
      Potential Pressure (bar)
   -2.88100e+05    9.19641e+01

           Step           Time
             59       59.00000

           Step           Time
             60       60.00000

   Energies (kJ/mol)
           Bond            U-B    Proper Dih.  Improper Dih.      CMAP Dih.
    6.45990e+02    2.00217e+03    6.66606e+03    1.32821e+02   -3.64579e+02
          LJ-14     Coulomb-14        LJ (SR)   Coulomb (SR)   Coul. recip.
    2.34753e+03    2.67450e+04    2.85314e+04   -3.60520e+05    5.28655e+03
      Potential Pressure (bar)
   -2.88527e+05    7.85564e+01

           Step           Time
             61       61.00000

   Energies (kJ/mol)
           Bond            U-B    Proper Dih.  Improper Dih.      CMAP Dih.
    8.01985e+02    2.03088e+03    6.66574e+03    1.34809e+02   -3.65670e+02
          LJ-14     Coulomb-14        LJ (SR)   Coulomb (SR)   Coul. recip.
    2.34757e+03    2.67550e+04    2.83963e+04   -3.60855e+05    5.23229e+03
      Potential Pressure (bar)
   -2.88856e+05   -8.05265e+01

           Step           Time
             62       62.00000

   Energies (kJ/mol)
           Bond            U-B    Proper Dih.  Improper Dih.      CMAP Dih.
    7.91156e+02    2.02110e+03    6.66661e+03    1.31765e+02   -3.65041e+02
          LJ-14     Coulomb-14        LJ (SR)   Coulomb (SR)   Coul. recip.
    2.33672e+03    2.67333e+04    2.82886e+04   -3.61056e+05    5.18918e+03
      Potential Pressure (bar)
   -2.89262e+05   -7.07426e+01

           Step           Time
             63       63.00000

   Energies (kJ/mol)
           Bond            U-B    Proper Dih.  Improper Dih.      CMAP Dih.
    1.05956e+03    2.07990e+03    6.66615e+03    1.34935e+02   -3.66347e+02
          LJ-14     Coulomb-14        LJ (SR)   Coulomb (SR)   Coul. recip.
    2.33996e+03    2.67499e+04    2.81686e+04   -3.61380e+05    5.14091e+03
      Potential Pressure (bar)
   -2.89407e+05   -2.56930e+02

           Step           Time
             64       64.00000

   Energies (kJ/mol)
           Bond            U-B    Proper Dih.  Improper Dih.      CMAP Dih.
    1.10633e+03    2.06753e+03    6.66728e+03    1.30692e+02   -3.65060e+02
          LJ-14     Coulomb-14        LJ (SR)   Coulomb (SR)   Coul. recip.
    2.32636e+03    2.67203e+04    2.80628e+04   -3.61562e+05    5.09879e+03
      Potential Pressure (bar)
   -2.89747e+05   -2.14970e+02

           Step           Time
             65       65.00000

           Step           Time
             66       66.00000

   Energies (kJ/mol)
           Bond            U-B    Proper Dih.  Improper Dih.      CMAP Dih.
    5.52203e+02    1.97194e+03    6.66689e+03    1.31915e+02   -3.67123e+02
          LJ-14     Coulomb-14        LJ (SR)   Coulomb (SR)   Coul. recip.
    2.32786e+03    2.67338e+04    2.80046e+04   -3.61725e+05    5.07617e+03
      Potential Pressure (bar)
   -2.90626e+05   -2.84580e+02

           Step           Time
             67       67.00000

   Energies (kJ/mol)
           Bond            U-B    Proper Dih.  Improper Dih.      CMAP Dih.
    1.50040e+03    2.12232e+03    6.66861e+03    1.29778e+02   -3.65886e+02
          LJ-14     Coulomb-14        LJ (SR)   Coulomb (SR)   Coul. recip.
    2.30702e+03    2.66994e+04    2.76320e+04   -3.62558e+05    4.92473e+03
      Potential Pressure (bar)
   -2.90940e+05   -5.01986e+02

           Step           Time
             68       68.00000

   Energies (kJ/mol)
           Bond            U-B    Proper Dih.  Improper Dih.      CMAP Dih.
    6.66257e+02    1.98272e+03    6.66803e+03    1.31874e+02   -3.68843e+02
          LJ-14     Coulomb-14        LJ (SR)   Coulomb (SR)   Coul. recip.
    2.30996e+03    2.67205e+04    2.75728e+04   -3.62747e+05    4.90198e+03
      Potential Pressure (bar)
   -2.92162e+05   -5.89363e+02

           Step           Time
             69       69.00000

           Step           Time
             70       70.00000

   Energies (kJ/mol)
           Bond            U-B    Proper Dih.  Improper Dih.      CMAP Dih.
    7.18813e+02    1.98959e+03    6.66885e+03    1.29328e+02   -3.68142e+02
          LJ-14     Coulomb-14        LJ (SR)   Coulomb (SR)   Coul. recip.
    2.30171e+03    2.67026e+04    2.74765e+04   -3.62943e+05    4.86419e+03
      Potential Pressure (bar)
   -2.92460e+05   -5.93527e+02

           Step           Time
             71       71.00000

   Energies (kJ/mol)
           Bond            U-B    Proper Dih.  Improper Dih.      CMAP Dih.
    8.01193e+02    2.00528e+03    6.66867e+03    1.31572e+02   -3.69556e+02
          LJ-14     Coulomb-14        LJ (SR)   Coulomb (SR)   Coul. recip.
    2.30278e+03    2.67152e+04    2.73899e+04   -3.63197e+05    4.82944e+03
      Potential Pressure (bar)
   -2.92723e+05   -7.29183e+02

           Step           Time
             72       72.00000

   Energies (kJ/mol)
           Bond            U-B    Proper Dih.  Improper Dih.      CMAP Dih.
    9.34254e+02    2.02210e+03    6.66965e+03    1.28265e+02   -3.68123e+02
          LJ-14     Coulomb-14        LJ (SR)   Coulomb (SR)   Coul. recip.
    2.29289e+03    2.66911e+04    2.72960e+04   -3.63376e+05    4.79274e+03
      Potential Pressure (bar)
   -2.92917e+05   -7.09352e+02

           Step           Time
             73       73.00000

   Energies (kJ/mol)
           Bond            U-B    Proper Dih.  Improper Dih.      CMAP Dih.
    1.07635e+03    2.05932e+03    6.66937e+03    1.31758e+02   -3.70008e+02
          LJ-14     Coulomb-14        LJ (SR)   Coulomb (SR)   Coul. recip.
    2.29658e+03    2.67110e+04    2.72170e+04   -3.63636e+05    4.76071e+03
      Potential Pressure (bar)
   -2.93084e+05   -8.77842e+02

           Step           Time
             74       74.00000

           Step           Time
             75       75.00000

   Energies (kJ/mol)
           Bond            U-B    Proper Dih.  Improper Dih.      CMAP Dih.
    5.40093e+02    1.95046e+03    6.66988e+03    1.28516e+02   -3.69977e+02
          LJ-14     Coulomb-14        LJ (SR)   Coulomb (SR)   Coul. recip.
    2.28883e+03    2.66949e+04    2.71675e+04   -3.63714e+05    4.74207e+03
      Potential Pressure (bar)
   -2.93901e+05   -8.11082e+02

           Step           Time
             76       76.00000

   Energies (kJ/mol)
           Bond            U-B    Proper Dih.  Improper Dih.      CMAP Dih.
    1.39457e+03    2.10871e+03    6.67168e+03    1.31943e+02   -3.71493e+02
          LJ-14     Coulomb-14        LJ (SR)   Coulomb (SR)   Coul. recip.
    2.27715e+03    2.66932e+04    2.67675e+04   -3.64781e+05    4.57917e+03
      Potential Pressure (bar)
   -2.94528e+05   -1.21676e+03

           Step           Time
             77       77.00000

   Energies (kJ/mol)
           Bond            U-B    Proper Dih.  Improper Dih.      CMAP Dih.
    6.18039e+02    1.95546e+03    6.67220e+03    1.26481e+02   -3.71264e+02
          LJ-14     Coulomb-14        LJ (SR)   Coulomb (SR)   Coul. recip.
    2.26603e+03    2.66705e+04    2.67151e+04   -3.64850e+05    4.56029e+03
      Potential Pressure (bar)
   -2.95637e+05   -1.10587e+03

           Step           Time
             78       78.00000

           Step           Time
             79       79.00000

   Energies (kJ/mol)
           Bond            U-B    Proper Dih.  Improper Dih.      CMAP Dih.
    7.29722e+02    1.97430e+03    6.67249e+03    1.28064e+02   -3.72519e+02
          LJ-14     Coulomb-14        LJ (SR)   Coulomb (SR)   Coul. recip.
    2.26629e+03    2.66785e+04    2.66359e+04   -3.65091e+05    4.52861e+03
      Potential Pressure (bar)
   -2.95850e+05   -1.22266e+03

           Step           Time
             80       80.00000

   Energies (kJ/mol)
           Bond            U-B    Proper Dih.  Improper Dih.      CMAP Dih.
    7.30074e+02    1.97276e+03    6.67307e+03    1.25548e+02   -3.71219e+02
          LJ-14     Coulomb-14        LJ (SR)   Coulomb (SR)   Coul. recip.
    2.25839e+03    2.66602e+04    2.65681e+04   -3.65228e+05    4.50265e+03
      Potential Pressure (bar)
   -2.96109e+05   -1.19997e+03

           Step           Time
             81       81.00000

   Energies (kJ/mol)
           Bond            U-B    Proper Dih.  Improper Dih.      CMAP Dih.
    9.24589e+02    2.01196e+03    6.67335e+03    1.28104e+02   -3.72844e+02
          LJ-14     Coulomb-14        LJ (SR)   Coulomb (SR)   Coul. recip.
    2.26080e+03    2.66740e+04    2.64973e+04   -3.65468e+05    4.47374e+03
      Potential Pressure (bar)
   -2.96197e+05   -1.34350e+03

           Step           Time
             82       82.00000

   Energies (kJ/mol)
           Bond            U-B    Proper Dih.  Improper Dih.      CMAP Dih.
    9.74832e+02    2.01264e+03    6.67399e+03    1.24592e+02   -3.70673e+02
          LJ-14     Coulomb-14        LJ (SR)   Coulomb (SR)   Coul. recip.
    2.25096e+03    2.66489e+04    2.64297e+04   -3.65590e+05    4.44815e+03
      Potential Pressure (bar)
   -2.96397e+05   -1.29264e+03

           Step           Time
             83       83.00000

           Step           Time
             84       84.00000

   Energies (kJ/mol)
           Bond            U-B    Proper Dih.  Improper Dih.      CMAP Dih.
    5.49817e+02    1.93630e+03    6.67404e+03    1.25804e+02   -3.73235e+02
          LJ-14     Coulomb-14        LJ (SR)   Coulomb (SR)   Coul. recip.
    2.25216e+03    2.66603e+04    2.63948e+04   -3.65714e+05    4.43416e+03
      Potential Pressure (bar)
   -2.97060e+05   -1.35014e+03

           Step           Time
             85       85.00000

   Energies (kJ/mol)
           Bond            U-B    Proper Dih.  Improper Dih.      CMAP Dih.
    1.29609e+03    2.06410e+03    6.67607e+03    1.23522e+02   -3.70763e+02
          LJ-14     Coulomb-14        LJ (SR)   Coulomb (SR)   Coul. recip.
    2.23611e+03    2.66295e+04    2.61425e+04   -3.66363e+05    4.33340e+03
      Potential Pressure (bar)
   -2.97233e+05   -1.49757e+03

           Step           Time
             86       86.00000

   Energies (kJ/mol)
           Bond            U-B    Proper Dih.  Improper Dih.      CMAP Dih.
    6.43666e+02    1.94831e+03    6.67608e+03    1.25359e+02   -3.74452e+02
          LJ-14     Coulomb-14        LJ (SR)   Coulomb (SR)   Coul. recip.
    2.23824e+03    2.66480e+04    2.61064e+04   -3.66513e+05    4.31872e+03
      Potential Pressure (bar)
   -2.98183e+05   -1.57405e+03

           Step           Time
             87       87.00000

           Step           Time
             88       88.00000

   Energies (kJ/mol)
           Bond            U-B    Proper Dih.  Improper Dih.      CMAP Dih.
    6.98188e+02    1.95818e+03    6.67667e+03    1.23256e+02   -3.73235e+02
          LJ-14     Coulomb-14        LJ (SR)   Coulomb (SR)   Coul. recip.
    2.23207e+03    2.66320e+04    2.60429e+04   -3.66654e+05    4.29423e+03
      Potential Pressure (bar)
   -2.98370e+05   -1.56469e+03

           Step           Time
             89       89.00000

   Energies (kJ/mol)
           Bond            U-B    Proper Dih.  Improper Dih.      CMAP Dih.
    7.52742e+02    1.96758e+03    6.67705e+03    1.25109e+02   -3.74838e+02
          LJ-14     Coulomb-14        LJ (SR)   Coulomb (SR)   Coul. recip.
    2.23299e+03    2.66435e+04    2.59908e+04   -3.66846e+05    4.27262e+03
      Potential Pressure (bar)
   -2.98558e+05   -1.67308e+03

           Step           Time
             90       90.00000

   Energies (kJ/mol)
           Bond            U-B    Proper Dih.  Improper Dih.      CMAP Dih.
    8.87675e+02    1.98993e+03    6.67765e+03    1.22336e+02   -3.72680e+02
          LJ-14     Coulomb-14        LJ (SR)   Coulomb (SR)   Coul. recip.
    2.22561e+03    2.66220e+04    2.59282e+04   -3.66972e+05    4.24869e+03
      Potential Pressure (bar)
   -2.98642e+05   -1.64261e+03

           Step           Time
             91       91.00000

   Energies (kJ/mol)
           Bond            U-B    Proper Dih.  Improper Dih.      CMAP Dih.
    9.80235e+02    2.01217e+03    6.67809e+03    1.25211e+02   -3.74893e+02
          LJ-14     Coulomb-14        LJ (SR)   Coulomb (SR)   Coul. recip.
    2.22843e+03    2.66400e+04    2.58804e+04   -3.67173e+05    4.22829e+03
      Potential Pressure (bar)
   -2.98775e+05   -1.78172e+03

           Step           Time
             92       92.00000

           Step           Time
             93       93.00000

   Energies (kJ/mol)
           Bond            U-B    Proper Dih.  Improper Dih.      CMAP Dih.
    5.48531e+02    1.92685e+03    6.67826e+03    1.22632e+02   -3.74832e+02
          LJ-14     Coulomb-14        LJ (SR)   Coulomb (SR)   Coul. recip.
    2.22267e+03    2.66256e+04    2.58466e+04   -3.67225e+05    4.21597e+03
      Potential Pressure (bar)
   -2.99413e+05   -1.71756e+03

           Step           Time
             94       94.00000

   Energies (kJ/mol)
           Bond            U-B    Proper Dih.  Improper Dih.      CMAP Dih.
    1.26009e+03    2.06107e+03    6.68061e+03    1.25208e+02   -3.75380e+02
          LJ-14     Coulomb-14        LJ (SR)   Coulomb (SR)   Coul. recip.
    2.21653e+03    2.66278e+04    2.56349e+04   -3.67901e+05    4.12826e+03
      Potential Pressure (bar)
   -2.99542e+05   -1.99196e+03

           Step           Time
             95       95.00000

   Energies (kJ/mol)
           Bond            U-B    Proper Dih.  Improper Dih.      CMAP Dih.
    6.27719e+02    1.93788e+03    6.68059e+03    1.21036e+02   -3.75134e+02
          LJ-14     Coulomb-14        LJ (SR)   Coulomb (SR)   Coul. recip.
    2.20827e+03    2.66073e+04    2.55974e+04   -3.67946e+05    4.11499e+03
      Potential Pressure (bar)
   -3.00426e+05   -1.88872e+03

           Step           Time
             96       96.00000

           Step           Time
             97       97.00000

   Energies (kJ/mol)
           Bond            U-B    Proper Dih.  Improper Dih.      CMAP Dih.
    7.02213e+02    1.94972e+03    6.68123e+03    1.22447e+02   -3.76474e+02
          LJ-14     Coulomb-14        LJ (SR)   Coulomb (SR)   Coul. recip.
    2.20871e+03    2.66153e+04    2.55490e+04   -3.68127e+05    4.09464e+03
      Potential Pressure (bar)
   -3.00580e+05   -1.98188e+03

           Step           Time
             98       98.00000

   Energies (kJ/mol)
           Bond            U-B    Proper Dih.  Improper Dih.      CMAP Dih.
    7.37514e+02    1.95679e+03    6.68155e+03    1.20288e+02   -3.74695e+02
          LJ-14     Coulomb-14        LJ (SR)   Coulomb (SR)   Coul. recip.
    2.20255e+03    2.65986e+04    2.55004e+04   -3.68234e+05    4.07563e+03
      Potential Pressure (bar)
   -3.00735e+05   -1.95510e+03

           Step           Time
             99       99.00000

   Energies (kJ/mol)
           Bond            U-B    Proper Dih.  Improper Dih.      CMAP Dih.
    8.78261e+02    1.98374e+03    6.68233e+03    1.22523e+02   -3.76448e+02
          LJ-14     Coulomb-14        LJ (SR)   Coulomb (SR)   Coul. recip.
    2.20456e+03    2.66120e+04    2.54560e+04   -3.68422e+05    4.05637e+03
      Potential Pressure (bar)
   -3.00803e+05   -2.07480e+03

           Step           Time
            100      100.00000

   Energies (kJ/mol)
           Bond            U-B    Proper Dih.  Improper Dih.      CMAP Dih.
    9.77931e+02    1.99892e+03    6.68253e+03    1.19527e+02   -3.73543e+02
          LJ-14     Coulomb-14        LJ (SR)   Coulomb (SR)   Coul. recip.
    2.19697e+03    2.65888e+04    2.54080e+04   -3.68511e+05    4.03777e+03
      Potential Pressure (bar)
   -3.00874e+05   -2.02203e+03

           Step           Time
            101      101.00000

           Step           Time
            102      102.00000

   Energies (kJ/mol)
           Bond            U-B    Proper Dih.  Improper Dih.      CMAP Dih.
    5.52821e+02    1.91955e+03    6.68289e+03    1.20583e+02   -3.76886e+02
          LJ-14     Coulomb-14        LJ (SR)   Coulomb (SR)   Coul. recip.
    2.19791e+03    2.65997e+04    2.53848e+04   -3.68613e+05    4.02804e+03
      Potential Pressure (bar)
   -3.01503e+05   -2.06898e+03

           Step           Time
            103      103.00000

   Energies (kJ/mol)
           Bond            U-B    Proper Dih.  Improper Dih.      CMAP Dih.
    1.32182e+03    2.05891e+03    6.68545e+03    1.18618e+02   -3.73051e+02
          LJ-14     Coulomb-14        LJ (SR)   Coulomb (SR)   Coul. recip.
    2.18321e+03    2.65691e+04    2.51689e+04   -3.69258e+05    3.93732e+03
      Potential Pressure (bar)
   -3.01588e+05   -2.20984e+03

           Step           Time
            104      104.00000

   Energies (kJ/mol)
           Bond            U-B    Proper Dih.  Improper Dih.      CMAP Dih.
    6.14845e+02    1.92663e+03    6.68581e+03    1.19990e+02   -3.77921e+02
          LJ-14     Coulomb-14        LJ (SR)   Coulomb (SR)   Coul. recip.
    2.18443e+03    2.65863e+04    2.51447e+04   -3.69382e+05    3.92712e+03
      Potential Pressure (bar)
   -3.02570e+05   -2.26717e+03

           Step           Time
            105      105.00000

           Step           Time
            106      106.00000

   Energies (kJ/mol)
           Bond            U-B    Proper Dih.  Improper Dih.      CMAP Dih.
    7.36294e+02    1.95111e+03    6.68628e+03    1.18231e+02   -3.76149e+02
          LJ-14     Coulomb-14        LJ (SR)   Coulomb (SR)   Coul. recip.
    2.17957e+03    2.65715e+04    2.50940e+04   -3.69516e+05    3.90620e+03
      Potential Pressure (bar)
   -3.02649e+05   -2.26118e+03

           Step           Time
            107      107.00000

   Energies (kJ/mol)
           Bond            U-B    Proper Dih.  Improper Dih.      CMAP Dih.
    6.99431e+02    1.94178e+03    6.68693e+03    1.19739e+02   -3.78083e+02
          LJ-14     Coulomb-14        LJ (SR)   Coulomb (SR)   Coul. recip.
    2.18018e+03    2.65825e+04    2.50632e+04   -3.69659e+05    3.89256e+03
      Potential Pressure (bar)
   -3.02871e+05   -2.34384e+03

           Step           Time
            108      108.00000

           Step           Time
            109      109.00000

   Energies (kJ/mol)
           Bond            U-B    Proper Dih.  Improper Dih.      CMAP Dih.
    5.60785e+02    1.91631e+03    6.68703e+03    1.18349e+02   -3.77727e+02
          LJ-14     Coulomb-14        LJ (SR)   Coulomb (SR)   Coul. recip.
    2.17695e+03    2.65729e+04    2.50382e+04   -3.69715e+05    3.88250e+03
      Potential Pressure (bar)
   -3.03140e+05   -2.31633e+03

           Step           Time
            110      110.00000

   Energies (kJ/mol)
           Bond            U-B    Proper Dih.  Improper Dih.      CMAP Dih.
    7.88082e+02    1.95672e+03    6.68844e+03    1.19535e+02   -3.78346e+02
          LJ-14     Coulomb-14        LJ (SR)   Coulomb (SR)   Coul. recip.
    2.17435e+03    2.65765e+04    2.49592e+04   -3.70016e+05    3.84778e+03
      Potential Pressure (bar)
   -3.03284e+05   -2.43743e+03

           Step           Time
            111      111.00000

   Energies (kJ/mol)
           Bond            U-B    Proper Dih.  Improper Dih.      CMAP Dih.
    6.13128e+02    1.92517e+03    6.68840e+03    1.17503e+02   -3.77568e+02
          LJ-14     Coulomb-14        LJ (SR)   Coulomb (SR)   Coul. recip.
    2.17011e+03    2.65631e+04    2.49313e+04   -3.70073e+05    3.83649e+03
      Potential Pressure (bar)
   -3.03606e+05   -2.39309e+03

           Step           Time
            112      112.00000

           Step           Time
            113      113.00000

   Energies (kJ/mol)
           Bond            U-B    Proper Dih.  Improper Dih.      CMAP Dih.
    5.84297e+02    1.91718e+03    6.68897e+03    1.18256e+02   -3.78805e+02
          LJ-14     Coulomb-14        LJ (SR)   Coulomb (SR)   Coul. recip.
    2.16980e+03    2.65681e+04    2.49051e+04   -3.70184e+05    3.82485e+03
      Potential Pressure (bar)
   -3.03786e+05   -2.44395e+03

           Step           Time
            114      114.00000

   Energies (kJ/mol)
           Bond            U-B    Proper Dih.  Improper Dih.      CMAP Dih.
    6.61013e+02    1.93339e+03    6.68939e+03    1.17010e+02   -3.77449e+02
          LJ-14     Coulomb-14        LJ (SR)   Coulomb (SR)   Coul. recip.
    2.16546e+03    2.65565e+04    2.48581e+04   -3.70326e+05    3.80453e+03
      Potential Pressure (bar)
   -3.03918e+05   -2.44847e+03

           Step           Time
            115      115.00000

   Energies (kJ/mol)
           Bond            U-B    Proper Dih.  Improper Dih.      CMAP Dih.
    6.33077e+02    1.92512e+03    6.69008e+03    1.18091e+02   -3.79034e+02
          LJ-14     Coulomb-14        LJ (SR)   Coulomb (SR)   Coul. recip.
    2.16554e+03    2.65641e+04    2.48312e+04   -3.70450e+05    3.79234e+03
      Potential Pressure (bar)
   -3.04110e+05   -2.51272e+03

           Step           Time
            116      116.00000

   Energies (kJ/mol)
           Bond            U-B    Proper Dih.  Improper Dih.      CMAP Dih.
    7.52121e+02    1.94990e+03    6.69032e+03    1.16484e+02   -3.76940e+02
          LJ-14     Coulomb-14        LJ (SR)   Coulomb (SR)   Coul. recip.
    2.16105e+03    2.65497e+04    2.47903e+04   -3.70564e+05    3.77457e+03
      Potential Pressure (bar)
   -3.04157e+05   -2.50051e+03

           Step           Time
            117      117.00000

   Energies (kJ/mol)
           Bond            U-B    Proper Dih.  Improper Dih.      CMAP Dih.
    7.33886e+02    1.94370e+03    6.69120e+03    1.18057e+02   -3.79011e+02
          LJ-14     Coulomb-14        LJ (SR)   Coulomb (SR)   Coul. recip.
    2.16177e+03    2.65610e+04    2.47632e+04   -3.70702e+05    3.76207e+03
      Potential Pressure (bar)
   -3.04346e+05   -2.58317e+03

           Step           Time
            118      118.00000

           Step           Time
            119      119.00000

   Energies (kJ/mol)
           Bond            U-B    Proper Dih.  Improper Dih.      CMAP Dih.
    5.59435e+02    1.91134e+03    6.69113e+03    1.16686e+02   -3.78870e+02
          LJ-14     Coulomb-14        LJ (SR)   Coulomb (SR)   Coul. recip.
    2.15881e+03    2.65518e+04    2.47432e+04   -3.70748e+05    3.75367e+03
      Potential Pressure (bar)
   -3.04640e+05   -2.55129e+03

           Step           Time
            120      120.00000

   Energies (kJ/mol)
           Bond            U-B    Proper Dih.  Improper Dih.      CMAP Dih.
    8.28636e+02    1.96005e+03    6.69297e+03    1.17931e+02   -3.79221e+02
          LJ-14     Coulomb-14        LJ (SR)   Coulomb (SR)   Coul. recip.
    2.15541e+03    2.65542e+04    2.46590e+04   -3.71093e+05    3.71483e+03
      Potential Pressure (bar)
   -3.04789e+05   -2.68083e+03

           Step           Time
            121      121.00000

   Energies (kJ/mol)
           Bond            U-B    Proper Dih.  Improper Dih.      CMAP Dih.
    5.96210e+02    1.91735e+03    6.69268e+03    1.15912e+02   -3.78830e+02
          LJ-14     Coulomb-14        LJ (SR)   Coulomb (SR)   Coul. recip.
    2.15162e+03    2.65419e+04    2.46371e+04   -3.71137e+05    3.70560e+03
      Potential Pressure (bar)
   -3.05158e+05   -2.63281e+03

           Step           Time
            122      122.00000

           Step           Time
            123      123.00000

   Energies (kJ/mol)
           Bond            U-B    Proper Dih.  Improper Dih.      CMAP Dih.
    6.05627e+02    1.91648e+03    6.69342e+03    1.16643e+02   -3.79913e+02
          LJ-14     Coulomb-14        LJ (SR)   Coulomb (SR)   Coul. recip.
    2.15109e+03    2.65463e+04    2.46107e+04   -3.71259e+05    3.69328e+03
      Potential Pressure (bar)
   -3.05305e+05   -2.68492e+03

           Step           Time
            124      124.00000

   Energies (kJ/mol)
           Bond            U-B    Proper Dih.  Improper Dih.      CMAP Dih.
    6.38082e+02    1.92492e+03    6.69355e+03    1.15473e+02   -3.78619e+02
          LJ-14     Coulomb-14        LJ (SR)   Coulomb (SR)   Coul. recip.
    2.14763e+03    2.65362e+04    2.45788e+04   -3.71359e+05    3.67873e+03
      Potential Pressure (bar)
   -3.05424e+05   -2.67867e+03

           Step           Time
            125      125.00000

   Energies (kJ/mol)
           Bond            U-B    Proper Dih.  Improper Dih.      CMAP Dih.
    6.63375e+02    1.92667e+03    6.69446e+03    1.16551e+02   -3.79989e+02
          LJ-14     Coulomb-14        LJ (SR)   Coulomb (SR)   Coul. recip.
    2.14753e+03    2.65430e+04    2.45529e+04   -3.71489e+05    3.66638e+03
      Potential Pressure (bar)
   -3.05558e+05   -2.74348e+03

           Step           Time
            126      126.00000

   Energies (kJ/mol)
           Bond            U-B    Proper Dih.  Improper Dih.      CMAP Dih.
    7.21862e+02    1.94069e+03    6.69439e+03    1.15005e+02   -3.78004e+02
          LJ-14     Coulomb-14        LJ (SR)   Coulomb (SR)   Coul. recip.
    2.14372e+03    2.65300e+04    2.45230e+04   -3.71576e+05    3.65258e+03
      Potential Pressure (bar)
   -3.05632e+05   -2.72347e+03

           Step           Time
            127      127.00000

   Energies (kJ/mol)
           Bond            U-B    Proper Dih.  Improper Dih.      CMAP Dih.
    7.78444e+02    1.94874e+03    6.69554e+03    1.16590e+02   -3.79751e+02
          LJ-14     Coulomb-14        LJ (SR)   Coulomb (SR)   Coul. recip.
    2.14428e+03    2.65403e+04    2.44980e+04   -3.71714e+05    3.64035e+03
      Potential Pressure (bar)
   -3.05732e+05   -2.80627e+03

           Step           Time
            128      128.00000

           Step           Time
            129      129.00000

   Energies (kJ/mol)
           Bond            U-B    Proper Dih.  Improper Dih.      CMAP Dih.
    5.57484e+02    1.90662e+03    6.69528e+03    1.15216e+02   -3.79988e+02
          LJ-14     Coulomb-14        LJ (SR)   Coulomb (SR)   Coul. recip.
    2.14161e+03    2.65319e+04    2.44823e+04   -3.71751e+05    3.63348e+03
      Potential Pressure (bar)
   -3.06067e+05   -2.77092e+03

           Step           Time
            130      130.00000

   Energies (kJ/mol)
           Bond            U-B    Proper Dih.  Improper Dih.      CMAP Dih.
    8.92486e+02    1.96863e+03    6.69819e+03    1.16502e+02   -3.79983e+02
          LJ-14     Coulomb-14        LJ (SR)   Coulomb (SR)   Coul. recip.
    2.13526e+03    2.65302e+04    2.43649e+04   -3.72269e+05    3.57576e+03
      Potential Pressure (bar)
   -3.06367e+05   -2.93542e+03

           Step           Time
            131      131.00000

   Energies (kJ/mol)
           Bond            U-B    Proper Dih.  Improper Dih.      CMAP Dih.
    5.85623e+02    1.91067e+03    6.69755e+03    1.14315e+02   -3.80177e+02
          LJ-14     Coulomb-14        LJ (SR)   Coulomb (SR)   Coul. recip.
    2.13177e+03    2.65190e+04    2.43480e+04   -3.72303e+05    3.56829e+03
      Potential Pressure (bar)
   -3.06808e+05   -2.88316e+03

           Step           Time
            132      132.00000

           Step           Time
            133      133.00000

   Energies (kJ/mol)
           Bond            U-B    Proper Dih.  Improper Dih.      CMAP Dih.
    6.36190e+02    1.91786e+03    6.69852e+03    1.15017e+02   -3.80989e+02
          LJ-14     Coulomb-14        LJ (SR)   Coulomb (SR)   Coul. recip.
    2.13101e+03    2.65226e+04    2.43213e+04   -3.72438e+05    3.55487e+03
      Potential Pressure (bar)
   -3.06921e+05   -2.93716e+03

           Step           Time
            134      134.00000

   Energies (kJ/mol)
           Bond            U-B    Proper Dih.  Improper Dih.      CMAP Dih.
    6.23401e+02    1.91792e+03    6.69834e+03    1.13866e+02   -3.79820e+02
          LJ-14     Coulomb-14        LJ (SR)   Coulomb (SR)   Coul. recip.
    2.12814e+03    2.65136e+04    2.42998e+04   -3.72512e+05    3.54423e+03
      Potential Pressure (bar)
   -3.07052e+05   -2.92331e+03

           Step           Time
            135      135.00000

   Energies (kJ/mol)
           Bond            U-B    Proper Dih.  Improper Dih.      CMAP Dih.
    7.07789e+02    1.93147e+03    6.69952e+03    1.14991e+02   -3.80872e+02
          LJ-14     Coulomb-14        LJ (SR)   Coulomb (SR)   Coul. recip.
    2.12792e+03    2.65196e+04    2.42753e+04   -3.72647e+05    3.53167e+03
      Potential Pressure (bar)
   -3.07120e+05   -2.98888e+03

           Step           Time
            136      136.00000

   Energies (kJ/mol)
           Bond            U-B    Proper Dih.  Improper Dih.      CMAP Dih.
    7.04070e+02    1.93386e+03    6.69908e+03    1.13439e+02   -3.79040e+02
          LJ-14     Coulomb-14        LJ (SR)   Coulomb (SR)   Coul. recip.
    2.12460e+03    2.65078e+04    2.42543e+04   -3.72713e+05    3.52101e+03
      Potential Pressure (bar)
   -3.07234e+05   -2.96272e+03

           Step           Time
            137      137.00000

           Step           Time
            138      138.00000

   Energies (kJ/mol)
           Bond            U-B    Proper Dih.  Improper Dih.      CMAP Dih.
    5.65009e+02    1.90348e+03    6.69976e+03    1.13989e+02   -3.81306e+02
          LJ-14     Coulomb-14        LJ (SR)   Coulomb (SR)   Coul. recip.
    2.12446e+03    2.65127e+04    2.42418e+04   -3.72784e+05    3.51486e+03
      Potential Pressure (bar)
   -3.07489e+05   -2.99156e+03

           Step           Time
            139      139.00000

   Energies (kJ/mol)
           Bond            U-B    Proper Dih.  Improper Dih.      CMAP Dih.
    7.64282e+02    1.94500e+03    6.70078e+03    1.13024e+02   -3.79099e+02
          LJ-14     Coulomb-14        LJ (SR)   Coulomb (SR)   Coul. recip.
    2.11792e+03    2.64988e+04    2.41675e+04   -3.73120e+05    3.47535e+03
      Potential Pressure (bar)
   -3.07716e+05   -3.04537e+03

           Step           Time
            140      140.00000

   Energies (kJ/mol)
           Bond            U-B    Proper Dih.  Improper Dih.      CMAP Dih.
    5.96043e+02    1.90768e+03    6.70162e+03    1.13719e+02   -3.81765e+02
          LJ-14     Coulomb-14        LJ (SR)   Coulomb (SR)   Coul. recip.
    2.11772e+03    2.65056e+04    2.41534e+04   -3.73204e+05    3.46845e+03
      Potential Pressure (bar)
   -3.08022e+05   -3.08228e+03

           Step           Time
            141      141.00000

           Step           Time
            142      142.00000

   Energies (kJ/mol)
           Bond            U-B    Proper Dih.  Improper Dih.      CMAP Dih.
    5.95957e+02    1.90951e+03    6.70160e+03    1.12949e+02   -3.80972e+02
          LJ-14     Coulomb-14        LJ (SR)   Coulomb (SR)   Coul. recip.
    2.11558e+03    2.64992e+04    2.41344e+04   -3.73285e+05    3.45816e+03
      Potential Pressure (bar)
   -3.08139e+05   -3.08013e+03

           Step           Time
            143      143.00000

   Energies (kJ/mol)
           Bond            U-B    Proper Dih.  Improper Dih.      CMAP Dih.
    6.30916e+02    1.91379e+03    6.70252e+03    1.13623e+02   -3.81857e+02
          LJ-14     Coulomb-14        LJ (SR)   Coulomb (SR)   Coul. recip.
    2.11471e+03    2.65025e+04    2.41143e+04   -3.73401e+05    3.44726e+03
      Potential Pressure (bar)
   -3.08243e+05   -3.12587e+03

           Step           Time
            144      144.00000

   Energies (kJ/mol)
           Bond            U-B    Proper Dih.  Improper Dih.      CMAP Dih.
    6.36446e+02    1.91758e+03    6.70228e+03    1.12589e+02   -3.80578e+02
          LJ-14     Coulomb-14        LJ (SR)   Coulomb (SR)   Coul. recip.
    2.11237e+03    2.64943e+04    2.40961e+04   -3.73476e+05    3.43722e+03
      Potential Pressure (bar)
   -3.08347e+05   -3.11541e+03

           Step           Time
            145      145.00000

   Energies (kJ/mol)
           Bond            U-B    Proper Dih.  Improper Dih.      CMAP Dih.
    6.99225e+02    1.92691e+03    6.70345e+03    1.13621e+02   -3.81699e+02
          LJ-14     Coulomb-14        LJ (SR)   Coulomb (SR)   Coul. recip.
    2.11185e+03    2.64998e+04    2.40769e+04   -3.73597e+05    3.42663e+03
      Potential Pressure (bar)
   -3.08420e+05   -3.17206e+03

           Step           Time
            146      146.00000

   Energies (kJ/mol)
           Bond            U-B    Proper Dih.  Improper Dih.      CMAP Dih.
    7.21538e+02    1.93477e+03    6.70292e+03    1.12224e+02   -3.79694e+02
          LJ-14     Coulomb-14        LJ (SR)   Coulomb (SR)   Coul. recip.
    2.10927e+03    2.64890e+04    2.40597e+04   -3.73662e+05    3.41676e+03
      Potential Pressure (bar)
   -3.08496e+05   -3.15060e+03

           Step           Time
            147      147.00000

   Energies (kJ/mol)
           Bond            U-B    Proper Dih.  Improper Dih.      CMAP Dih.
    8.34280e+02    1.95442e+03    6.70443e+03    1.13756e+02   -3.81052e+02
          LJ-14     Coulomb-14        LJ (SR)   Coulomb (SR)   Coul. recip.
    2.10923e+03    2.64976e+04    2.40414e+04   -3.73791e+05    3.40654e+03
      Potential Pressure (bar)
   -3.08510e+05   -3.22342e+03

           Step           Time
            148      148.00000

   Energies (kJ/mol)
           Bond            U-B    Proper Dih.  Improper Dih.      CMAP Dih.
    9.00676e+02    1.97071e+03    6.70350e+03    1.11884e+02   -3.77887e+02
          LJ-14     Coulomb-14        LJ (SR)   Coulomb (SR)   Coul. recip.
    2.10633e+03    2.64831e+04    2.40254e+04   -3.73845e+05    3.39691e+03
      Potential Pressure (bar)
   -3.08524e+05   -3.18781e+03

           Step           Time
            149      149.00000

           Step           Time
            150      150.00000

   Energies (kJ/mol)
           Bond            U-B    Proper Dih.  Improper Dih.      CMAP Dih.
    5.69562e+02    1.90073e+03    6.70435e+03    1.12389e+02   -3.82225e+02
          LJ-14     Coulomb-14        LJ (SR)   Coulomb (SR)   Coul. recip.
    2.10585e+03    2.64899e+04    2.40142e+04   -3.73914e+05    3.39155e+03
      Potential Pressure (bar)
   -3.09008e+05   -3.21018e+03

           Step           Time
            151      151.00000

   Energies (kJ/mol)
           Bond            U-B    Proper Dih.  Improper Dih.      CMAP Dih.
    1.00708e+03    1.99110e+03    6.70562e+03    1.11811e+02   -3.78388e+02
          LJ-14     Coulomb-14        LJ (SR)   Coulomb (SR)   Coul. recip.
    2.09852e+03    2.64723e+04    2.39368e+04   -3.74347e+05    3.34373e+03
      Potential Pressure (bar)
   -3.09058e+05   -3.28750e+03

           Step           Time
            152      152.00000

   Energies (kJ/mol)
           Bond            U-B    Proper Dih.  Improper Dih.      CMAP Dih.
    6.20862e+02    1.90865e+03    6.70656e+03    1.12357e+02   -3.82799e+02
          LJ-14     Coulomb-14        LJ (SR)   Coulomb (SR)   Coul. recip.
    2.09759e+03    2.64813e+04    2.39232e+04   -3.74431e+05    3.33767e+03
      Potential Pressure (bar)
   -3.09626e+05   -3.31653e+03

           Step           Time
            153      153.00000

           Step           Time
            154      154.00000

   Energies (kJ/mol)
           Bond            U-B    Proper Dih.  Improper Dih.      CMAP Dih.
    6.50396e+02    1.91752e+03    6.70630e+03    1.11362e+02   -3.81434e+02
          LJ-14     Coulomb-14        LJ (SR)   Coulomb (SR)   Coul. recip.
    2.09589e+03    2.64738e+04    2.39083e+04   -3.74509e+05    3.32799e+03
      Potential Pressure (bar)
   -3.09699e+05   -3.31045e+03

           Step           Time
            155      155.00000

   Energies (kJ/mol)
           Bond            U-B    Proper Dih.  Improper Dih.      CMAP Dih.
    6.80774e+02    1.92026e+03    6.70736e+03    1.12241e+02   -3.82633e+02
          LJ-14     Coulomb-14        LJ (SR)   Coulomb (SR)   Coul. recip.
    2.09494e+03    2.64787e+04    2.38934e+04   -3.74614e+05    3.31933e+03
      Potential Pressure (bar)
   -3.09789e+05   -3.35692e+03

           Step           Time
            156      156.00000

   Energies (kJ/mol)
           Bond            U-B    Proper Dih.  Improper Dih.      CMAP Dih.
    7.37360e+02    1.93519e+03    6.70681e+03    1.11040e+02   -3.80515e+02
          LJ-14     Coulomb-14        LJ (SR)   Coulomb (SR)   Coul. recip.
    2.09321e+03    2.64690e+04    2.38801e+04   -3.74681e+05    3.31015e+03
      Potential Pressure (bar)
   -3.09819e+05   -3.34156e+03

           Step           Time
            157      157.00000

   Energies (kJ/mol)
           Bond            U-B    Proper Dih.  Improper Dih.      CMAP Dih.
    8.02675e+02    1.94521e+03    6.70822e+03    1.12354e+02   -3.82029e+02
          LJ-14     Coulomb-14        LJ (SR)   Coulomb (SR)   Coul. recip.
    2.09243e+03    2.64765e+04    2.38652e+04   -3.74795e+05    3.30148e+03
      Potential Pressure (bar)
   -3.09873e+05   -3.40233e+03

           Step           Time
            158      158.00000

           Step           Time
            159      159.00000

   Energies (kJ/mol)
           Bond            U-B    Proper Dih.  Improper Dih.      CMAP Dih.
    5.69681e+02    1.89878e+03    6.70763e+03    1.11160e+02   -3.82805e+02
          LJ-14     Coulomb-14        LJ (SR)   Coulomb (SR)   Coul. recip.
    2.09106e+03    2.64703e+04    2.38575e+04   -3.74823e+05    3.29686e+03
      Potential Pressure (bar)
   -3.10202e+05   -3.37127e+03

           Step           Time
            160      160.00000

   Energies (kJ/mol)
           Bond            U-B    Proper Dih.  Improper Dih.      CMAP Dih.
    9.43356e+02    1.97226e+03    6.71027e+03    1.12767e+02   -3.81755e+02
          LJ-14     Coulomb-14        LJ (SR)   Coulomb (SR)   Coul. recip.
    2.08548e+03    2.64681e+04    2.37952e+04   -3.75258e+05    3.25530e+03
      Potential Pressure (bar)
   -3.10297e+05   -3.49822e+03

           Step           Time
            161      161.00000

   Energies (kJ/mol)
           Bond            U-B    Proper Dih.  Improper Dih.      CMAP Dih.
    5.99847e+02    1.90460e+03    6.70908e+03    1.10613e+02   -3.82819e+02
          LJ-14     Coulomb-14        LJ (SR)   Coulomb (SR)   Coul. recip.
    2.08359e+03    2.64597e+04    2.37867e+04   -3.75284e+05    3.25022e+03
      Potential Pressure (bar)
   -3.10763e+05   -3.45040e+03

           Step           Time
            162      162.00000

           Step           Time
            163      163.00000

   Energies (kJ/mol)
           Bond            U-B    Proper Dih.  Improper Dih.      CMAP Dih.
    6.62190e+02    1.91437e+03    6.71011e+03    1.11276e+02   -3.83389e+02
          LJ-14     Coulomb-14        LJ (SR)   Coulomb (SR)   Coul. recip.
    2.08250e+03    2.64624e+04    2.37720e+04   -3.75396e+05    3.24056e+03
      Potential Pressure (bar)
   -3.10824e+05   -3.49180e+03

           Step           Time
            164      164.00000

   Energies (kJ/mol)
           Bond            U-B    Proper Dih.  Improper Dih.      CMAP Dih.
    6.43052e+02    1.91380e+03    6.70946e+03    1.10277e+02   -3.82203e+02
          LJ-14     Coulomb-14        LJ (SR)   Coulomb (SR)   Coul. recip.
    2.08098e+03    2.64554e+04    2.37622e+04   -3.75454e+05    3.23339e+03
      Potential Pressure (bar)
   -3.10927e+05   -3.47845e+03

           Step           Time
            165      165.00000

   Energies (kJ/mol)
           Bond            U-B    Proper Dih.  Improper Dih.      CMAP Dih.
    7.48193e+02    1.93203e+03    6.71084e+03    1.11378e+02   -3.82950e+02
          LJ-14     Coulomb-14        LJ (SR)   Coulomb (SR)   Coul. recip.
    2.08011e+03    2.64600e+04    2.37486e+04   -3.75568e+05    3.22433e+03
      Potential Pressure (bar)
   -3.10935e+05   -3.53019e+03

           Step           Time
            166      166.00000

   Energies (kJ/mol)
           Bond            U-B    Proper Dih.  Improper Dih.      CMAP Dih.
    7.38183e+02    1.93388e+03    6.70979e+03    1.09992e+02   -3.81029e+02
          LJ-14     Coulomb-14        LJ (SR)   Coulomb (SR)   Coul. recip.
    2.07851e+03    2.64507e+04    2.37395e+04   -3.75618e+05    3.21716e+03
      Potential Pressure (bar)
   -3.11021e+05   -3.50713e+03

           Step           Time
            167      167.00000

           Step           Time
            168      168.00000

   Energies (kJ/mol)
           Bond            U-B    Proper Dih.  Improper Dih.      CMAP Dih.
    5.78942e+02    1.89765e+03    6.71062e+03    1.10426e+02   -3.83831e+02
          LJ-14     Coulomb-14        LJ (SR)   Coulomb (SR)   Coul. recip.
    2.07775e+03    2.64546e+04    2.37315e+04   -3.75678e+05    3.21267e+03
      Potential Pressure (bar)
   -3.11287e+05   -3.52589e+03

           Step           Time
            169      169.00000

   Energies (kJ/mol)
           Bond            U-B    Proper Dih.  Improper Dih.      CMAP Dih.
    8.15648e+02    1.94979e+03    6.71067e+03    1.09844e+02   -3.80796e+02
          LJ-14     Coulomb-14        LJ (SR)   Coulomb (SR)   Coul. recip.
    2.07386e+03    2.64437e+04    2.36986e+04   -3.75931e+05    3.18699e+03
      Potential Pressure (bar)
   -3.11323e+05   -3.56293e+03

           Step           Time
            170      170.00000

   Energies (kJ/mol)
           Bond            U-B    Proper Dih.  Improper Dih.      CMAP Dih.
    6.17690e+02    1.90438e+03    6.71172e+03    1.10398e+02   -3.84058e+02
          LJ-14     Coulomb-14        LJ (SR)   Coulomb (SR)   Coul. recip.
    2.07278e+03    2.64492e+04    2.36889e+04   -3.76002e+05    3.18180e+03
      Potential Pressure (bar)
   -3.11649e+05   -3.58735e+03

           Step           Time
            171      171.00000

           Step           Time
            172      172.00000

   Energies (kJ/mol)
           Bond            U-B    Proper Dih.  Improper Dih.      CMAP Dih.
    6.14122e+02    1.90607e+03    6.71131e+03    1.09723e+02   -3.83195e+02
          LJ-14     Coulomb-14        LJ (SR)   Coulomb (SR)   Coul. recip.
    2.07164e+03    2.64440e+04    2.36804e+04   -3.76065e+05    3.17481e+03
      Potential Pressure (bar)
   -3.11736e+05   -3.58312e+03

           Step           Time
            173      173.00000

   Energies (kJ/mol)
           Bond            U-B    Proper Dih.  Improper Dih.      CMAP Dih.
    6.62290e+02    1.91311e+03    6.71230e+03    1.10423e+02   -3.83970e+02
          LJ-14     Coulomb-14        LJ (SR)   Coulomb (SR)   Coul. recip.
    2.07042e+03    2.64466e+04    2.36690e+04   -3.76164e+05    3.16677e+03
      Potential Pressure (bar)
   -3.11797e+05   -3.61955e+03

           Step           Time
            174      174.00000

   Energies (kJ/mol)
           Bond            U-B    Proper Dih.  Improper Dih.      CMAP Dih.
    6.64558e+02    1.91692e+03    6.71157e+03    1.09475e+02   -3.82547e+02
          LJ-14     Coulomb-14        LJ (SR)   Coulomb (SR)   Coul. recip.
    2.06932e+03    2.64400e+04    2.36613e+04   -3.76221e+05    3.15989e+03
      Potential Pressure (bar)
   -3.11871e+05   -3.60870e+03

           Step           Time
            175      175.00000

   Energies (kJ/mol)
           Bond            U-B    Proper Dih.  Improper Dih.      CMAP Dih.
    7.50415e+02    1.93139e+03    6.71293e+03    1.10542e+02   -3.83477e+02
          LJ-14     Coulomb-14        LJ (SR)   Coulomb (SR)   Coul. recip.
    2.06816e+03    2.64444e+04    2.36501e+04   -3.76324e+05    3.15207e+03
      Potential Pressure (bar)
   -3.11888e+05   -3.65511e+03

           Step           Time
            176      176.00000

   Energies (kJ/mol)
           Bond            U-B    Proper Dih.  Improper Dih.      CMAP Dih.
    7.73200e+02    1.93996e+03    6.71176e+03    1.09235e+02   -3.81208e+02
          LJ-14     Coulomb-14        LJ (SR)   Coulomb (SR)   Coul. recip.
    2.06716e+03    2.64357e+04    2.36434e+04   -3.76376e+05    3.14533e+03
      Potential Pressure (bar)
   -3.11931e+05   -3.63556e+03

           Step           Time
            177      177.00000

           Step           Time
            178      178.00000

   Energies (kJ/mol)
           Bond            U-B    Proper Dih.  Improper Dih.      CMAP Dih.
    5.79572e+02    1.89626e+03    6.71259e+03    1.09608e+02   -3.84385e+02
          LJ-14     Coulomb-14        LJ (SR)   Coulomb (SR)   Coul. recip.
    2.06612e+03    2.64394e+04    2.36362e+04   -3.76430e+05    3.14132e+03
      Potential Pressure (bar)
   -3.12234e+05   -3.65002e+03

           Step           Time
            179      179.00000

   Energies (kJ/mol)
           Bond            U-B    Proper Dih.  Improper Dih.      CMAP Dih.
    8.53229e+02    1.95621e+03    6.71262e+03    1.09160e+02   -3.81225e+02
          LJ-14     Coulomb-14        LJ (SR)   Coulomb (SR)   Coul. recip.
    2.06180e+03    2.64277e+04    2.36028e+04   -3.76744e+05    3.11116e+03
      Potential Pressure (bar)
   -3.12291e+05   -3.69894e+03

           Step           Time
            180      180.00000

   Energies (kJ/mol)
           Bond            U-B    Proper Dih.  Improper Dih.      CMAP Dih.
    6.17203e+02    1.90271e+03    6.71365e+03    1.09604e+02   -3.84699e+02
          LJ-14     Coulomb-14        LJ (SR)   Coulomb (SR)   Coul. recip.
    2.06029e+03    2.64328e+04    2.35939e+04   -3.76810e+05    3.10645e+03
      Potential Pressure (bar)
   -3.12658e+05   -3.71783e+03

           Step           Time
            181      181.00000

           Step           Time
            182      182.00000

   Energies (kJ/mol)
           Bond            U-B    Proper Dih.  Improper Dih.      CMAP Dih.
    6.27624e+02    1.90750e+03    6.71315e+03    1.08933e+02   -3.83686e+02
          LJ-14     Coulomb-14        LJ (SR)   Coulomb (SR)   Coul. recip.
    2.05945e+03    2.64279e+04    2.35871e+04   -3.76876e+05    3.09965e+03
      Potential Pressure (bar)
   -3.12728e+05   -3.71515e+03

           Step           Time
            183      183.00000

   Energies (kJ/mol)
           Bond            U-B    Proper Dih.  Improper Dih.      CMAP Dih.
    6.61221e+02    1.91143e+03    6.71410e+03    1.09602e+02   -3.84565e+02
          LJ-14     Coulomb-14        LJ (SR)   Coulomb (SR)   Coul. recip.
    2.05807e+03    2.64304e+04    2.35782e+04   -3.76963e+05    3.09278e+03
      Potential Pressure (bar)
   -3.12792e+05   -3.74709e+03

           Step           Time
            184      184.00000

   Energies (kJ/mol)
           Bond            U-B    Proper Dih.  Improper Dih.      CMAP Dih.
    6.84826e+02    1.91982e+03    6.71328e+03    1.08706e+02   -3.82946e+02
          LJ-14     Coulomb-14        LJ (SR)   Coulomb (SR)   Coul. recip.
    2.05740e+03    2.64241e+04    2.35725e+04   -3.77022e+05    3.08625e+03
      Potential Pressure (bar)
   -3.12839e+05   -3.73837e+03

           Step           Time
            185      185.00000

   Energies (kJ/mol)
           Bond            U-B    Proper Dih.  Improper Dih.      CMAP Dih.
    7.50118e+02    1.93002e+03    6.71462e+03    1.09723e+02   -3.84036e+02
          LJ-14     Coulomb-14        LJ (SR)   Coulomb (SR)   Coul. recip.
    2.05593e+03    2.64283e+04    2.35634e+04   -3.77115e+05    3.07935e+03
      Potential Pressure (bar)
   -3.12868e+05   -3.77987e+03

           Step           Time
            186      186.00000

           Step           Time
            187      187.00000

   Energies (kJ/mol)
           Bond            U-B    Proper Dih.  Improper Dih.      CMAP Dih.
    5.78059e+02    1.89530e+03    6.71391e+03    1.08810e+02   -3.84732e+02
          LJ-14     Coulomb-14        LJ (SR)   Coulomb (SR)   Coul. recip.
    2.05535e+03    2.64243e+04    2.35599e+04   -3.77142e+05    3.07606e+03
      Potential Pressure (bar)
   -3.13115e+05   -3.75959e+03


Steepest Descents converged to Fmax < 1000 in 188 steps
Potential Energy  = -3.1311478e+05
Maximum force     =  9.4158533e+02 on atom 318
Norm of force     =  5.3843825e+01
Finished mdrun on rank 0 Thu Mar  5 07:45:43 2026

